<?xml version="1.0" encoding="UTF-8"?>
<!-- Generated by org.testng.reporters.JUnitReportReporter -->
<testsuite hostname="DESKTOP-SELHIJF" failures="0" tests="2" name="swaglabclasses.SwagLabLoginClass" time="6.544" errors="0" timestamp="2022-11-06T17:55:24 GMT+02:00" skipped="0">
  <testcase classname="swaglabclasses.SwagLabLoginClass" name="reset_application_state" time="3.204"/>
  <system-out/>
  <testcase classname="swaglabclasses.SwagLabLoginClass" name="add_all_items" time="3.340"/>
  <system-out/>
</testsuite> <!-- swaglabclasses.SwagLabLoginClass -->
